[2020-11-01 02:00:16,144] INFO [Controller id=1001] New topics: [Set(library-events)], deleted topics: [HashSet()], new partition replica assignment [Map(library-events-0 -> ReplicaAssignment(replicas=1001,1,2, addingReplicas=, removingReplicas=), library-events-1 -> ReplicaAssignment(replicas=2,1001,1, addingReplicas=, removingReplicas=), library-events-2 -> ReplicaAssignment(replicas=1,2,1001, addingReplicas=, removingReplicas=))] (kafka.controller.KafkaController)
[2020-11-01 02:00:16,146] INFO [Controller id=1001] New partition creation callback for library-events-0,library-events-1,library-events-2 (kafka.controller.KafkaController)
[2020-11-01 02:03:27,481] INFO [Controller id=1001] Processing automatic preferred replica leader election (kafka.controller.KafkaController)
[2020-11-01 02:03:27,483] TRACE [Controller id=1001] Checking need to trigger auto leader balancing (kafka.controller.KafkaController)
[2020-11-01 02:03:27,487] DEBUG [Controller id=1001] Topics not in preferred replica for broker 1001 HashMap() (kafka.controller.KafkaController)
[2020-11-01 02:03:27,489] TRACE [Controller id=1001] Leader imbalance ratio for broker 1001 is 0.0 (kafka.controller.KafkaController)
[2020-11-01 02:03:27,489] DEBUG [Controller id=1001] Topics not in preferred replica for broker 1 HashMap() (kafka.controller.KafkaController)
[2020-11-01 02:03:27,489] TRACE [Controller id=1001] Leader imbalance ratio for broker 1 is 0.0 (kafka.controller.KafkaController)
[2020-11-01 02:03:27,489] DEBUG [Controller id=1001] Topics not in preferred replica for broker 2 HashMap() (kafka.controller.KafkaController)
[2020-11-01 02:03:27,489] TRACE [Controller id=1001] Leader imbalance ratio for broker 2 is 0.0 (kafka.controller.KafkaController)
[2020-11-01 02:08:27,503] INFO [Controller id=1001] Processing automatic preferred replica leader election (kafka.controller.KafkaController)
[2020-11-01 02:08:27,504] TRACE [Controller id=1001] Checking need to trigger auto leader balancing (kafka.controller.KafkaController)
[2020-11-01 02:08:27,508] DEBUG [Controller id=1001] Topics not in preferred replica for broker 1001 HashMap() (kafka.controller.KafkaController)
[2020-11-01 02:08:27,508] TRACE [Controller id=1001] Leader imbalance ratio for broker 1001 is 0.0 (kafka.controller.KafkaController)
[2020-11-01 02:08:27,508] DEBUG [Controller id=1001] Topics not in preferred replica for broker 1 HashMap() (kafka.controller.KafkaController)
[2020-11-01 02:08:27,508] TRACE [Controller id=1001] Leader imbalance ratio for broker 1 is 0.0 (kafka.controller.KafkaController)
[2020-11-01 02:08:27,508] DEBUG [Controller id=1001] Topics not in preferred replica for broker 2 HashMap() (kafka.controller.KafkaController)
[2020-11-01 02:08:27,508] TRACE [Controller id=1001] Leader imbalance ratio for broker 2 is 0.0 (kafka.controller.KafkaController)
[2020-11-01 02:13:27,521] INFO [Controller id=1001] Processing automatic preferred replica leader election (kafka.controller.KafkaController)
[2020-11-01 02:13:27,523] TRACE [Controller id=1001] Checking need to trigger auto leader balancing (kafka.controller.KafkaController)
[2020-11-01 02:13:27,525] DEBUG [Controller id=1001] Topics not in preferred replica for broker 1001 HashMap() (kafka.controller.KafkaController)
[2020-11-01 02:13:27,526] TRACE [Controller id=1001] Leader imbalance ratio for broker 1001 is 0.0 (kafka.controller.KafkaController)
[2020-11-01 02:13:27,526] DEBUG [Controller id=1001] Topics not in preferred replica for broker 1 HashMap() (kafka.controller.KafkaController)
[2020-11-01 02:13:27,526] TRACE [Controller id=1001] Leader imbalance ratio for broker 1 is 0.0 (kafka.controller.KafkaController)
[2020-11-01 02:13:27,526] DEBUG [Controller id=1001] Topics not in preferred replica for broker 2 HashMap() (kafka.controller.KafkaController)
[2020-11-01 02:13:27,526] TRACE [Controller id=1001] Leader imbalance ratio for broker 2 is 0.0 (kafka.controller.KafkaController)
[2020-11-01 02:18:27,534] INFO [Controller id=1001] Processing automatic preferred replica leader election (kafka.controller.KafkaController)
[2020-11-01 02:18:27,534] TRACE [Controller id=1001] Checking need to trigger auto leader balancing (kafka.controller.KafkaController)
[2020-11-01 02:18:27,536] DEBUG [Controller id=1001] Topics not in preferred replica for broker 1001 HashMap() (kafka.controller.KafkaController)
[2020-11-01 02:18:27,536] TRACE [Controller id=1001] Leader imbalance ratio for broker 1001 is 0.0 (kafka.controller.KafkaController)
[2020-11-01 02:18:27,536] DEBUG [Controller id=1001] Topics not in preferred replica for broker 1 HashMap() (kafka.controller.KafkaController)
[2020-11-01 02:18:27,536] TRACE [Controller id=1001] Leader imbalance ratio for broker 1 is 0.0 (kafka.controller.KafkaController)
[2020-11-01 02:18:27,536] DEBUG [Controller id=1001] Topics not in preferred replica for broker 2 HashMap() (kafka.controller.KafkaController)
[2020-11-01 02:18:27,536] TRACE [Controller id=1001] Leader imbalance ratio for broker 2 is 0.0 (kafka.controller.KafkaController)
[2020-11-01 02:23:27,544] INFO [Controller id=1001] Processing automatic preferred replica leader election (kafka.controller.KafkaController)
[2020-11-01 02:23:27,545] TRACE [Controller id=1001] Checking need to trigger auto leader balancing (kafka.controller.KafkaController)
[2020-11-01 02:23:27,550] DEBUG [Controller id=1001] Topics not in preferred replica for broker 1001 HashMap() (kafka.controller.KafkaController)
[2020-11-01 02:23:27,551] TRACE [Controller id=1001] Leader imbalance ratio for broker 1001 is 0.0 (kafka.controller.KafkaController)
[2020-11-01 02:23:27,551] DEBUG [Controller id=1001] Topics not in preferred replica for broker 1 HashMap() (kafka.controller.KafkaController)
[2020-11-01 02:23:27,551] TRACE [Controller id=1001] Leader imbalance ratio for broker 1 is 0.0 (kafka.controller.KafkaController)
[2020-11-01 02:23:27,551] DEBUG [Controller id=1001] Topics not in preferred replica for broker 2 HashMap() (kafka.controller.KafkaController)
[2020-11-01 02:23:27,551] TRACE [Controller id=1001] Leader imbalance ratio for broker 2 is 0.0 (kafka.controller.KafkaController)
[2020-11-01 02:28:27,566] INFO [Controller id=1001] Processing automatic preferred replica leader election (kafka.controller.KafkaController)
[2020-11-01 02:28:27,567] TRACE [Controller id=1001] Checking need to trigger auto leader balancing (kafka.controller.KafkaController)
[2020-11-01 02:28:27,571] DEBUG [Controller id=1001] Topics not in preferred replica for broker 1001 HashMap() (kafka.controller.KafkaController)
[2020-11-01 02:28:27,572] TRACE [Controller id=1001] Leader imbalance ratio for broker 1001 is 0.0 (kafka.controller.KafkaController)
[2020-11-01 02:28:27,572] DEBUG [Controller id=1001] Topics not in preferred replica for broker 1 HashMap() (kafka.controller.KafkaController)
[2020-11-01 02:28:27,572] TRACE [Controller id=1001] Leader imbalance ratio for broker 1 is 0.0 (kafka.controller.KafkaController)
[2020-11-01 02:28:27,572] DEBUG [Controller id=1001] Topics not in preferred replica for broker 2 HashMap() (kafka.controller.KafkaController)
[2020-11-01 02:28:27,572] TRACE [Controller id=1001] Leader imbalance ratio for broker 2 is 0.0 (kafka.controller.KafkaController)
