[2020-10-30T18:04:55.952-0900][gc,heap] Heap region size: 1M
[2020-10-30T18:04:55.952-0900][gc,heap,coops] Heap address: 0x00000007c0000000, size: 1024 MB, Compressed Oops mode: Zero based, Oop shift amount: 3
[2020-10-30T18:04:55.962-0900][gc           ] Using G1
[2020-10-30T18:04:55.962-0900][gc,cds       ] Mark closed archive regions in map: [0x00000007fff00000, 0x00000007fff7aff8]
[2020-10-30T18:04:55.962-0900][gc,cds       ] Mark open archive regions in map: [0x00000007ffe00000, 0x00000007ffe50ff8]
[2020-10-30T18:04:55.979-0900][gc           ] Periodic GC disabled
[2020-10-30T18:04:57.325-0900][gc,start     ] GC(0) Pause Young (Normal) (G1 Evacuation Pause)
[2020-10-30T18:04:57.325-0900][gc,task      ] GC(0) Using 4 workers of 4 for evacuation
[2020-10-30T18:04:57.332-0900][gc,phases    ] GC(0)   Pre Evacuate Collection Set: 0.1ms
[2020-10-30T18:04:57.332-0900][gc,phases    ] GC(0)   Merge Heap Roots: 0.0ms
[2020-10-30T18:04:57.332-0900][gc,phases    ] GC(0)   Evacuate Collection Set: 6.0ms
[2020-10-30T18:04:57.332-0900][gc,phases    ] GC(0)   Post Evacuate Collection Set: 0.4ms
[2020-10-30T18:04:57.332-0900][gc,phases    ] GC(0)   Other: 0.4ms
[2020-10-30T18:04:57.332-0900][gc,heap      ] GC(0) Eden regions: 51->0(44)
[2020-10-30T18:04:57.332-0900][gc,heap      ] GC(0) Survivor regions: 0->7(7)
[2020-10-30T18:04:57.332-0900][gc,heap      ] GC(0) Old regions: 0->0
[2020-10-30T18:04:57.332-0900][gc,heap      ] GC(0) Archive regions: 2->2
[2020-10-30T18:04:57.332-0900][gc,heap      ] GC(0) Humongous regions: 0->0
[2020-10-30T18:04:57.332-0900][gc,metaspace ] GC(0) Metaspace: 15284K(16000K)->15284K(16000K) NonClass: 13381K(13824K)->13381K(13824K) Class: 1903K(2176K)->1903K(2176K)
[2020-10-30T18:04:57.332-0900][gc           ] GC(0) Pause Young (Normal) (G1 Evacuation Pause) 51M->7M(1024M) 7.161ms
[2020-10-30T18:04:57.332-0900][gc,cpu       ] GC(0) User=0.02s Sys=0.00s Real=0.01s
[2020-10-30T18:04:57.842-0900][gc,start     ] GC(1) Pause Young (Concurrent Start) (Metadata GC Threshold)
[2020-10-30T18:04:57.842-0900][gc,task      ] GC(1) Using 4 workers of 4 for evacuation
[2020-10-30T18:04:57.852-0900][gc,phases    ] GC(1)   Pre Evacuate Collection Set: 0.1ms
[2020-10-30T18:04:57.852-0900][gc,phases    ] GC(1)   Merge Heap Roots: 0.0ms
[2020-10-30T18:04:57.852-0900][gc,phases    ] GC(1)   Evacuate Collection Set: 9.1ms
[2020-10-30T18:04:57.852-0900][gc,phases    ] GC(1)   Post Evacuate Collection Set: 0.5ms
[2020-10-30T18:04:57.852-0900][gc,phases    ] GC(1)   Other: 0.3ms
[2020-10-30T18:04:57.852-0900][gc,heap      ] GC(1) Eden regions: 23->0(49)
[2020-10-30T18:04:57.852-0900][gc,heap      ] GC(1) Survivor regions: 7->2(7)
[2020-10-30T18:04:57.852-0900][gc,heap      ] GC(1) Old regions: 0->7
[2020-10-30T18:04:57.852-0900][gc,heap      ] GC(1) Archive regions: 2->2
[2020-10-30T18:04:57.852-0900][gc,heap      ] GC(1) Humongous regions: 129->129
[2020-10-30T18:04:57.852-0900][gc,metaspace ] GC(1) Metaspace: 20671K(21248K)->20671K(21248K) NonClass: 18116K(18432K)->18116K(18432K) Class: 2555K(2816K)->2555K(2816K)
[2020-10-30T18:04:57.852-0900][gc           ] GC(1) Pause Young (Concurrent Start) (Metadata GC Threshold) 159M->137M(1024M) 10.225ms
[2020-10-30T18:04:57.852-0900][gc,cpu       ] GC(1) User=0.02s Sys=0.01s Real=0.01s
[2020-10-30T18:04:57.852-0900][gc           ] GC(2) Concurrent Cycle
[2020-10-30T18:04:57.852-0900][gc,marking   ] GC(2) Concurrent Clear Claimed Marks
[2020-10-30T18:04:57.852-0900][gc,marking   ] GC(2) Concurrent Clear Claimed Marks 0.059ms
[2020-10-30T18:04:57.852-0900][gc,marking   ] GC(2) Concurrent Scan Root Regions
[2020-10-30T18:04:57.860-0900][gc,marking   ] GC(2) Concurrent Scan Root Regions 7.107ms
[2020-10-30T18:04:57.860-0900][gc,marking   ] GC(2) Concurrent Mark (1.916s)
[2020-10-30T18:04:57.860-0900][gc,marking   ] GC(2) Concurrent Mark From Roots
[2020-10-30T18:04:57.860-0900][gc,task      ] GC(2) Using 1 workers of 1 for marking
[2020-10-30T18:04:57.862-0900][gc,marking   ] GC(2) Concurrent Mark From Roots 2.059ms
[2020-10-30T18:04:57.862-0900][gc,marking   ] GC(2) Concurrent Preclean
[2020-10-30T18:04:57.862-0900][gc,marking   ] GC(2) Concurrent Preclean 0.033ms
[2020-10-30T18:04:57.862-0900][gc,marking   ] GC(2) Concurrent Mark (1.916s, 1.918s) 2.212ms
[2020-10-30T18:04:57.862-0900][gc,start     ] GC(2) Pause Remark
[2020-10-30T18:04:57.863-0900][gc           ] GC(2) Pause Remark 138M->138M(1024M) 1.117ms
[2020-10-30T18:04:57.863-0900][gc,cpu       ] GC(2) User=0.00s Sys=0.00s Real=0.00s
[2020-10-30T18:04:57.863-0900][gc,marking   ] GC(2) Concurrent Rebuild Remembered Sets
[2020-10-30T18:04:57.868-0900][gc,marking   ] GC(2) Concurrent Rebuild Remembered Sets 4.832ms
[2020-10-30T18:04:57.869-0900][gc,start     ] GC(2) Pause Cleanup
[2020-10-30T18:04:57.869-0900][gc           ] GC(2) Pause Cleanup 138M->138M(1024M) 0.163ms
[2020-10-30T18:04:57.869-0900][gc,cpu       ] GC(2) User=0.01s Sys=0.00s Real=0.00s
[2020-10-30T18:04:57.869-0900][gc,marking   ] GC(2) Concurrent Cleanup for Next Mark
[2020-10-30T18:04:57.881-0900][gc,marking   ] GC(2) Concurrent Cleanup for Next Mark 11.763ms
[2020-10-30T18:04:57.881-0900][gc           ] GC(2) Concurrent Cycle 28.481ms
[2020-10-30T18:04:58.708-0900][gc,start     ] GC(3) Pause Young (Normal) (G1 Evacuation Pause)
[2020-10-30T18:04:58.708-0900][gc,task      ] GC(3) Using 4 workers of 4 for evacuation
[2020-10-30T18:04:58.714-0900][gc,phases    ] GC(3)   Pre Evacuate Collection Set: 0.1ms
[2020-10-30T18:04:58.714-0900][gc,phases    ] GC(3)   Merge Heap Roots: 0.0ms
[2020-10-30T18:04:58.714-0900][gc,phases    ] GC(3)   Evacuate Collection Set: 5.4ms
[2020-10-30T18:04:58.715-0900][gc,phases    ] GC(3)   Post Evacuate Collection Set: 0.4ms
[2020-10-30T18:04:58.715-0900][gc,phases    ] GC(3)   Other: 0.2ms
[2020-10-30T18:04:58.715-0900][gc,heap      ] GC(3) Eden regions: 49->0(46)
[2020-10-30T18:04:58.715-0900][gc,heap      ] GC(3) Survivor regions: 2->5(7)
[2020-10-30T18:04:58.715-0900][gc,heap      ] GC(3) Old regions: 7->7
[2020-10-30T18:04:58.715-0900][gc,heap      ] GC(3) Archive regions: 2->2
[2020-10-30T18:04:58.715-0900][gc,heap      ] GC(3) Humongous regions: 129->129
[2020-10-30T18:04:58.715-0900][gc,metaspace ] GC(3) Metaspace: 30257K(31488K)->30257K(31488K) NonClass: 26879K(27648K)->26879K(27648K) Class: 3378K(3840K)->3378K(3840K)
[2020-10-30T18:04:58.715-0900][gc           ] GC(3) Pause Young (Normal) (G1 Evacuation Pause) 186M->140M(1024M) 6.266ms
[2020-10-30T18:04:58.715-0900][gc,cpu       ] GC(3) User=0.03s Sys=0.01s Real=0.01s
[2020-10-30T18:07:26.370-0900][gc,start     ] GC(4) Pause Young (Concurrent Start) (Metadata GC Threshold)
[2020-10-30T18:07:26.370-0900][gc,task      ] GC(4) Using 4 workers of 4 for evacuation
[2020-10-30T18:07:26.379-0900][gc,phases    ] GC(4)   Pre Evacuate Collection Set: 0.2ms
[2020-10-30T18:07:26.380-0900][gc,phases    ] GC(4)   Merge Heap Roots: 0.0ms
[2020-10-30T18:07:26.380-0900][gc,phases    ] GC(4)   Evacuate Collection Set: 8.1ms
[2020-10-30T18:07:26.380-0900][gc,phases    ] GC(4)   Post Evacuate Collection Set: 0.5ms
[2020-10-30T18:07:26.380-0900][gc,phases    ] GC(4)   Other: 0.5ms
[2020-10-30T18:07:26.380-0900][gc,heap      ] GC(4) Eden regions: 22->0(46)
[2020-10-30T18:07:26.380-0900][gc,heap      ] GC(4) Survivor regions: 5->5(7)
[2020-10-30T18:07:26.380-0900][gc,heap      ] GC(4) Old regions: 7->8
[2020-10-30T18:07:26.380-0900][gc,heap      ] GC(4) Archive regions: 2->2
[2020-10-30T18:07:26.380-0900][gc,heap      ] GC(4) Humongous regions: 129->129
[2020-10-30T18:07:26.380-0900][gc,metaspace ] GC(4) Metaspace: 34538K(35840K)->34538K(35840K) NonClass: 30523K(31232K)->30523K(31232K) Class: 4014K(4608K)->4014K(4608K)
[2020-10-30T18:07:26.380-0900][gc           ] GC(4) Pause Young (Concurrent Start) (Metadata GC Threshold) 161M->141M(1024M) 9.616ms
[2020-10-30T18:07:26.380-0900][gc,cpu       ] GC(4) User=0.03s Sys=0.01s Real=0.01s
[2020-10-30T18:07:26.380-0900][gc           ] GC(5) Concurrent Cycle
[2020-10-30T18:07:26.380-0900][gc,marking   ] GC(5) Concurrent Clear Claimed Marks
[2020-10-30T18:07:26.380-0900][gc,marking   ] GC(5) Concurrent Clear Claimed Marks 0.105ms
[2020-10-30T18:07:26.380-0900][gc,marking   ] GC(5) Concurrent Scan Root Regions
[2020-10-30T18:07:26.388-0900][gc,marking   ] GC(5) Concurrent Scan Root Regions 8.219ms
[2020-10-30T18:07:26.388-0900][gc,marking   ] GC(5) Concurrent Mark (150.441s)
[2020-10-30T18:07:26.388-0900][gc,marking   ] GC(5) Concurrent Mark From Roots
[2020-10-30T18:07:26.388-0900][gc,task      ] GC(5) Using 1 workers of 1 for marking
[2020-10-30T18:07:26.403-0900][gc,marking   ] GC(5) Concurrent Mark From Roots 14.356ms
[2020-10-30T18:07:26.403-0900][gc,marking   ] GC(5) Concurrent Preclean
[2020-10-30T18:07:26.403-0900][gc,marking   ] GC(5) Concurrent Preclean 0.086ms
[2020-10-30T18:07:26.403-0900][gc,marking   ] GC(5) Concurrent Mark (150.441s, 150.456s) 14.552ms
[2020-10-30T18:07:26.403-0900][gc,start     ] GC(5) Pause Remark
[2020-10-30T18:07:26.405-0900][gc           ] GC(5) Pause Remark 142M->142M(1024M) 1.926ms
[2020-10-30T18:07:26.405-0900][gc,cpu       ] GC(5) User=0.01s Sys=0.00s Real=0.00s
[2020-10-30T18:07:26.405-0900][gc,marking   ] GC(5) Concurrent Rebuild Remembered Sets
[2020-10-30T18:07:26.411-0900][gc,marking   ] GC(5) Concurrent Rebuild Remembered Sets 6.073ms
[2020-10-30T18:07:26.411-0900][gc,start     ] GC(5) Pause Cleanup
[2020-10-30T18:07:26.412-0900][gc           ] GC(5) Pause Cleanup 142M->142M(1024M) 0.170ms
[2020-10-30T18:07:26.412-0900][gc,cpu       ] GC(5) User=0.00s Sys=0.00s Real=0.00s
[2020-10-30T18:07:26.412-0900][gc,marking   ] GC(5) Concurrent Cleanup for Next Mark
[2020-10-30T18:07:26.422-0900][gc,marking   ] GC(5) Concurrent Cleanup for Next Mark 10.684ms
[2020-10-30T18:07:26.423-0900][gc           ] GC(5) Concurrent Cycle 42.652ms
[2020-10-30T18:13:31.859-0900][gc,start     ] GC(6) Pause Young (Normal) (G1 Evacuation Pause)
[2020-10-30T18:13:31.860-0900][gc,task      ] GC(6) Using 4 workers of 4 for evacuation
[2020-10-30T18:13:31.872-0900][gc,phases    ] GC(6)   Pre Evacuate Collection Set: 0.1ms
[2020-10-30T18:13:31.872-0900][gc,phases    ] GC(6)   Merge Heap Roots: 0.1ms
[2020-10-30T18:13:31.872-0900][gc,phases    ] GC(6)   Evacuate Collection Set: 9.9ms
[2020-10-30T18:13:31.872-0900][gc,phases    ] GC(6)   Post Evacuate Collection Set: 1.0ms
[2020-10-30T18:13:31.872-0900][gc,phases    ] GC(6)   Other: 1.2ms
[2020-10-30T18:13:31.872-0900][gc,heap      ] GC(6) Eden regions: 46->0(48)
[2020-10-30T18:13:31.872-0900][gc,heap      ] GC(6) Survivor regions: 5->3(7)
[2020-10-30T18:13:31.872-0900][gc,heap      ] GC(6) Old regions: 8->11
[2020-10-30T18:13:31.872-0900][gc,heap      ] GC(6) Archive regions: 2->2
[2020-10-30T18:13:31.872-0900][gc,heap      ] GC(6) Humongous regions: 129->129
[2020-10-30T18:13:31.872-0900][gc,metaspace ] GC(6) Metaspace: 36716K(38400K)->36716K(38400K) NonClass: 32512K(33536K)->32512K(33536K) Class: 4204K(4864K)->4204K(4864K)
[2020-10-30T18:13:31.872-0900][gc           ] GC(6) Pause Young (Normal) (G1 Evacuation Pause) 187M->143M(1024M) 12.626ms
[2020-10-30T18:13:31.872-0900][gc,cpu       ] GC(6) User=0.04s Sys=0.01s Real=0.02s
