[2020-11-01 02:00:16,241] INFO [ReplicaFetcherManager on broker 2] Removed fetcher for partitions Set(library-events-1) (kafka.server.ReplicaFetcherManager)
[2020-11-01 02:00:16,326] INFO [Log partition=library-events-1, dir=/tmp/kafka-logs-2] Loading producer state till offset 0 with message format version 2 (kafka.log.Log)
[2020-11-01 02:00:16,347] INFO Created log for partition library-events-1 in /tmp/kafka-logs-2/library-events-1 with properties {compression.type -> producer, min.insync.replicas -> 1, message.downconversion.enable -> true, segment.jitter.ms -> 0, cleanup.policy -> [delete], flush.ms -> 9223372036854775807, retention.ms -> 604800000, segment.bytes -> 1073741824, flush.messages -> 9223372036854775807, message.format.version -> 2.6-IV0, max.compaction.lag.ms -> 9223372036854775807, file.delete.delay.ms -> 60000, max.message.bytes -> 1048588, min.compaction.lag.ms -> 0, message.timestamp.type -> CreateTime, preallocate -> false, index.interval.bytes -> 4096, min.cleanable.dirty.ratio -> 0.5, unclean.leader.election.enable -> false, retention.bytes -> -1, delete.retention.ms -> 86400000, segment.ms -> 604800000, message.timestamp.difference.max.ms -> 9223372036854775807, segment.index.bytes -> 10485760}. (kafka.log.LogManager)
[2020-11-01 02:00:16,350] INFO [Partition library-events-1 broker=2] No checkpointed highwatermark is found for partition library-events-1 (kafka.cluster.Partition)
[2020-11-01 02:00:16,351] INFO [Partition library-events-1 broker=2] Log loaded for partition library-events-1 with initial high watermark 0 (kafka.cluster.Partition)
[2020-11-01 02:00:16,378] INFO [Log partition=library-events-0, dir=/tmp/kafka-logs-2] Loading producer state till offset 0 with message format version 2 (kafka.log.Log)
[2020-11-01 02:00:16,381] INFO Created log for partition library-events-0 in /tmp/kafka-logs-2/library-events-0 with properties {compression.type -> producer, min.insync.replicas -> 1, message.downconversion.enable -> true, segment.jitter.ms -> 0, cleanup.policy -> [delete], flush.ms -> 9223372036854775807, retention.ms -> 604800000, segment.bytes -> 1073741824, flush.messages -> 9223372036854775807, message.format.version -> 2.6-IV0, max.compaction.lag.ms -> 9223372036854775807, file.delete.delay.ms -> 60000, max.message.bytes -> 1048588, min.compaction.lag.ms -> 0, message.timestamp.type -> CreateTime, preallocate -> false, index.interval.bytes -> 4096, min.cleanable.dirty.ratio -> 0.5, unclean.leader.election.enable -> false, retention.bytes -> -1, delete.retention.ms -> 86400000, segment.ms -> 604800000, message.timestamp.difference.max.ms -> 9223372036854775807, segment.index.bytes -> 10485760}. (kafka.log.LogManager)
[2020-11-01 02:00:16,384] INFO [Partition library-events-0 broker=2] No checkpointed highwatermark is found for partition library-events-0 (kafka.cluster.Partition)
[2020-11-01 02:00:16,384] INFO [Partition library-events-0 broker=2] Log loaded for partition library-events-0 with initial high watermark 0 (kafka.cluster.Partition)
[2020-11-01 02:00:16,402] INFO [Log partition=library-events-2, dir=/tmp/kafka-logs-2] Loading producer state till offset 0 with message format version 2 (kafka.log.Log)
[2020-11-01 02:00:16,405] INFO Created log for partition library-events-2 in /tmp/kafka-logs-2/library-events-2 with properties {compression.type -> producer, min.insync.replicas -> 1, message.downconversion.enable -> true, segment.jitter.ms -> 0, cleanup.policy -> [delete], flush.ms -> 9223372036854775807, retention.ms -> 604800000, segment.bytes -> 1073741824, flush.messages -> 9223372036854775807, message.format.version -> 2.6-IV0, max.compaction.lag.ms -> 9223372036854775807, file.delete.delay.ms -> 60000, max.message.bytes -> 1048588, min.compaction.lag.ms -> 0, message.timestamp.type -> CreateTime, preallocate -> false, index.interval.bytes -> 4096, min.cleanable.dirty.ratio -> 0.5, unclean.leader.election.enable -> false, retention.bytes -> -1, delete.retention.ms -> 86400000, segment.ms -> 604800000, message.timestamp.difference.max.ms -> 9223372036854775807, segment.index.bytes -> 10485760}. (kafka.log.LogManager)
[2020-11-01 02:00:16,407] INFO [Partition library-events-2 broker=2] No checkpointed highwatermark is found for partition library-events-2 (kafka.cluster.Partition)
[2020-11-01 02:00:16,407] INFO [Partition library-events-2 broker=2] Log loaded for partition library-events-2 with initial high watermark 0 (kafka.cluster.Partition)
[2020-11-01 02:00:16,408] INFO [ReplicaFetcherManager on broker 2] Removed fetcher for partitions HashSet(library-events-2, library-events-0) (kafka.server.ReplicaFetcherManager)
[2020-11-01 02:00:16,524] INFO [ReplicaFetcher replicaId=2, leaderId=1001, fetcherId=0] Starting (kafka.server.ReplicaFetcherThread)
[2020-11-01 02:00:16,534] INFO [ReplicaFetcher replicaId=2, leaderId=1001, fetcherId=0] Truncating partition library-events-0 to local high watermark 0 (kafka.server.ReplicaFetcherThread)
[2020-11-01 02:00:16,537] INFO [Log partition=library-events-0, dir=/tmp/kafka-logs-2] Truncating to 0 has no effect as the largest offset in the log is -1 (kafka.log.Log)
[2020-11-01 02:00:16,681] INFO [ReplicaFetcherManager on broker 2] Added fetcher to broker 1001 for partitions Map(library-events-0 -> (offset=0, leaderEpoch=0)) (kafka.server.ReplicaFetcherManager)
[2020-11-01 02:00:16,694] INFO [ReplicaFetcher replicaId=2, leaderId=1, fetcherId=0] Starting (kafka.server.ReplicaFetcherThread)
[2020-11-01 02:00:16,694] INFO [ReplicaFetcherManager on broker 2] Added fetcher to broker 1 for partitions Map(library-events-2 -> (offset=0, leaderEpoch=0)) (kafka.server.ReplicaFetcherManager)
[2020-11-01 02:00:16,694] INFO [ReplicaFetcher replicaId=2, leaderId=1, fetcherId=0] Truncating partition library-events-2 to local high watermark 0 (kafka.server.ReplicaFetcherThread)
[2020-11-01 02:00:16,694] INFO [Log partition=library-events-2, dir=/tmp/kafka-logs-2] Truncating to 0 has no effect as the largest offset in the log is -1 (kafka.log.Log)
[2020-11-01 02:09:14,172] INFO [GroupMetadataManager brokerId=2] Removed 0 expired offsets in 1 milliseconds. (kafka.coordinator.group.GroupMetadataManager)
[2020-11-01 02:19:14,188] INFO [GroupMetadataManager brokerId=2] Removed 0 expired offsets in 1 milliseconds. (kafka.coordinator.group.GroupMetadataManager)
[2020-11-01 02:29:14,195] INFO [GroupMetadataManager brokerId=2] Removed 0 expired offsets in 1 milliseconds. (kafka.coordinator.group.GroupMetadataManager)
